2015-06-11 14:52:52.735 Sputnik elevator[66720:3162219] DiskCookieStorage changing policy from 2 to 0, cookie file: file:///Users/thijs/Library/Developer/CoreSimulator/Devices/B6C35B00-3668-408D-9F5C-5AA701EC03DD/data/Containers/Data/Application/5654B22C-FC35-4813-A6E9-9F7460449EE5/Library/Cookies/Cookies.binarycookies
2015-06-11 14:52:53.085 Sputnik elevator[66720:3162219] Apache Cordova native platform version 3.8.0 is starting.
2015-06-11 14:52:53.085 Sputnik elevator[66720:3162219] Multi-tasking -> Device: YES, App: YES
2015-06-11 14:52:53.103 Sputnik elevator[66720:3162219] Unlimited access to network resources
2015-06-11 14:52:53.481 Sputnik elevator[66720:3162219] [CDVTimer][keyboard] 0.068009ms
2015-06-11 14:52:53.494 Sputnik elevator[66720:3162219] [CDVTimer][file] 13.094962ms
2015-06-11 14:52:53.680 Sputnik elevator[66720:3162219] [CDVTimer][splashscreen] 185.793996ms
2015-06-11 14:52:53.680 Sputnik elevator[66720:3162219] [CDVTimer][TotalPluginStartup] 199.677050ms
2015-06-11 14:52:54.026 Sputnik elevator[66720:3162219] Resetting plugins due to page load.
2015-06-11 14:52:54.300 Sputnik elevator[66720:3162219] Finished load of: file:///Users/thijs/Library/Developer/CoreSimulator/Devices/B6C35B00-3668-408D-9F5C-5AA701EC03DD/data/Containers/Bundle/Application/CC8CAAB7-D025-451F-B47F-D46E509A4A40/Sputnik%20elevator.app/www/index.html#/vrviewer
2015-06-11 14:52:55.530 Sputnik elevator[66720:3162219] THREE.WebGLRenderer 62
2015-06-11 14:52:55.530 Sputnik elevator[66720:3162219] THREE.WebGLRenderer: S3TC compressed textures not supported.
2015-06-11 14:55:08.993 Sputnik elevator[66999:3167473] DiskCookieStorage changing policy from 2 to 0, cookie file: file:///Users/thijs/Library/Developer/CoreSimulator/Devices/B6C35B00-3668-408D-9F5C-5AA701EC03DD/data/Containers/Data/Application/EA703319-92CF-461F-939A-8B06C575D9AE/Library/Cookies/Cookies.binarycookies
2015-06-11 14:55:09.064 Sputnik elevator[66999:3167473] Apache Cordova native platform version 3.8.0 is starting.
2015-06-11 14:55:09.065 Sputnik elevator[66999:3167473] Multi-tasking -> Device: YES, App: YES
2015-06-11 14:55:09.067 Sputnik elevator[66999:3167473] Unlimited access to network resources
2015-06-11 14:55:09.158 Sputnik elevator[66999:3167473] [CDVTimer][keyboard] 0.057995ms
2015-06-11 14:55:09.161 Sputnik elevator[66999:3167473] [CDVTimer][file] 2.849996ms
2015-06-11 14:55:09.189 Sputnik elevator[66999:3167473] [CDVTimer][splashscreen] 27.607977ms
2015-06-11 14:55:09.189 Sputnik elevator[66999:3167473] [CDVTimer][TotalPluginStartup] 30.974030ms
2015-06-11 14:55:09.264 Sputnik elevator[66999:3167473] Resetting plugins due to page load.
2015-06-11 14:55:09.494 Sputnik elevator[66999:3167473] Finished load of: file:///Users/thijs/Library/Developer/CoreSimulator/Devices/B6C35B00-3668-408D-9F5C-5AA701EC03DD/data/Containers/Bundle/Application/C1760BEA-26D9-4A31-9944-646E9EEF6866/Sputnik%20elevator.app/www/index.html#/vrviewer
2015-06-11 14:55:10.517 Sputnik elevator[66999:3167473] THREE.WebGLRenderer 62
2015-06-11 14:55:10.517 Sputnik elevator[66999:3167473] THREE.WebGLRenderer: S3TC compressed textures not supported.
2015-06-11 14:55:36.384 Sputnik elevator[67238:3168680] DiskCookieStorage changing policy from 2 to 0, cookie file: file:///Users/thijs/Library/Developer/CoreSimulator/Devices/B6C35B00-3668-408D-9F5C-5AA701EC03DD/data/Containers/Data/Application/8A4AC130-81C8-4181-BAFF-FF0F94085B11/Library/Cookies/Cookies.binarycookies
2015-06-11 14:55:36.481 Sputnik elevator[67238:3168680] Apache Cordova native platform version 3.8.0 is starting.
2015-06-11 14:55:36.481 Sputnik elevator[67238:3168680] Multi-tasking -> Device: YES, App: YES
2015-06-11 14:55:36.483 Sputnik elevator[67238:3168680] Unlimited access to network resources
2015-06-11 14:55:36.573 Sputnik elevator[67238:3168680] [CDVTimer][keyboard] 0.056028ms
2015-06-11 14:55:36.575 Sputnik elevator[67238:3168680] [CDVTimer][file] 1.897037ms
2015-06-11 14:55:36.598 Sputnik elevator[67238:3168680] [CDVTimer][splashscreen] 22.453010ms
2015-06-11 14:55:36.598 Sputnik elevator[67238:3168680] [CDVTimer][TotalPluginStartup] 24.852991ms
2015-06-11 14:55:36.659 Sputnik elevator[67238:3168680] Resetting plugins due to page load.
2015-06-11 14:55:36.895 Sputnik elevator[67238:3168680] Finished load of: file:///Users/thijs/Library/Developer/CoreSimulator/Devices/B6C35B00-3668-408D-9F5C-5AA701EC03DD/data/Containers/Bundle/Application/28DCFD88-3F0B-4953-B1DD-9ECD5158372E/Sputnik%20elevator.app/www/index.html#/vrviewer
